<?xml version="1.0" encoding="UTF-8"?>
<!-- Generated by org.testng.reporters.JUnitReportReporter -->
<testsuite hostname="LTBR97222" failures="0" tests="1" name="Teste1_GET_Request" time="1.780" errors="0" timestamp="10 Jun 2020 14:38:23 GMT">
  <testcase classname="Teste1_GET_Request" name="getPraPegarDetalhes" time="1.780"/>
</testsuite> <!-- Teste1_GET_Request -->
